[debug] [2020-06-18T21:59:50.894Z] ----------------------------------------------------------------------
[debug] [2020-06-18T21:59:50.896Z] Command:       /usr/local/bin/node /usr/local/bin/firebase emulators:start --only functions
[debug] [2020-06-18T21:59:50.896Z] CLI Version:   8.4.1
[debug] [2020-06-18T21:59:50.896Z] Platform:      darwin
[debug] [2020-06-18T21:59:50.896Z] Node Version:  v12.16.2
[debug] [2020-06-18T21:59:50.897Z] Time:          Thu Jun 18 2020 17:59:50 GMT-0400 (Eastern Daylight Time)
[debug] [2020-06-18T21:59:50.897Z] ----------------------------------------------------------------------
[debug] [2020-06-18T21:59:50.897Z] 
[debug] [2020-06-18T21:59:50.908Z] > command requires scopes: ["email","openid","https://www.googleapis.com/auth/cloudplatformprojects.readonly","https://www.googleapis.com/auth/firebase","https://www.googleapis.com/auth/cloud-platform"]
[debug] [2020-06-18T21:59:50.909Z] > authorizing via signed-in user
[info] i  emulators: Starting emulators: functions {"metadata":{"emulator":{"name":"hub"},"message":"Starting emulators: functions"}}
[debug] [2020-06-18T21:59:50.923Z] [hub] writing locator at /var/folders/z6/ll9m46g91vl6kcm1v_3mv5qc0000gn/T/hub-stint-landing.json
[warn] ⚠  Your requested "node" version "8" doesn't match your global version "12" {"metadata":{"emulator":{"name":"functions"},"message":"Your requested \"node\" version \"8\" doesn't match your global version \"12\""}}
[debug] [2020-06-18T21:59:50.964Z] Ignoring unsupported arg: auto_download {"metadata":{"emulator":{"name":"ui"},"message":"Ignoring unsupported arg: auto_download"}}
[debug] [2020-06-18T21:59:50.964Z] Ignoring unsupported arg: port {"metadata":{"emulator":{"name":"ui"},"message":"Ignoring unsupported arg: port"}}
[debug] [2020-06-18T21:59:50.964Z] Starting Emulator UI with command {"binary":"node","args":["/Users/charlesma/.cache/firebase/emulators/ui-v1.0.0/server.bundle.js"],"optionalArgs":[],"joinArgs":false} {"metadata":{"emulator":{"name":"ui"},"message":"Starting Emulator UI with command {\"binary\":\"node\",\"args\":[\"/Users/charlesma/.cache/firebase/emulators/ui-v1.0.0/server.bundle.js\"],\"optionalArgs\":[],\"joinArgs\":false}"}}
[info] i  ui: Emulator UI logging to ui-debug.log {"metadata":{"emulator":{"name":"ui"},"message":"Emulator UI logging to \u001b[1mui-debug.log\u001b[22m"}}
[debug] [2020-06-18T21:59:51.070Z] Web / API server started at http://localhost:4000
 {"metadata":{"emulator":{"name":"ui"},"message":"Web / API server started at http://localhost:4000\n"}}
[info] i  functions: Watching "/Users/charlesma/Desktop/stint/functions" for Cloud Functions... {"metadata":{"emulator":{"name":"functions"},"message":"Watching \"/Users/charlesma/Desktop/stint/functions\" for Cloud Functions..."}}
[debug] [2020-06-18T21:59:51.238Z] [worker-pool] addWorker(~diagnostic~) {"metadata":{"emulator":{"name":"functions"},"message":"[worker-pool] addWorker(~diagnostic~)"}}
[debug] [2020-06-18T21:59:51.238Z] [worker-pool] Adding worker with key ~diagnostic~, total=1 {"metadata":{"emulator":{"name":"functions"},"message":"[worker-pool] Adding worker with key ~diagnostic~, total=1"}}
[debug] [2020-06-18T21:59:51.238Z] [worker-pool] submitWork(triggerId=) {"metadata":{"emulator":{"name":"functions"},"message":"[worker-pool] submitWork(triggerId=)"}}
[debug] [2020-06-18T21:59:51.239Z] [worker-~diagnostic~-14587aa8-521b-42ce-bc02-b48f8fe884be]: Assigning socketPath: /var/folders/z6/ll9m46g91vl6kcm1v_3mv5qc0000gn/T/fire_emu_18511.sock {"metadata":{"emulator":{"name":"functions"},"message":"[worker-~diagnostic~-14587aa8-521b-42ce-bc02-b48f8fe884be]: Assigning socketPath: /var/folders/z6/ll9m46g91vl6kcm1v_3mv5qc0000gn/T/fire_emu_18511.sock"}}
[debug] [2020-06-18T21:59:51.239Z] [worker-~diagnostic~-14587aa8-521b-42ce-bc02-b48f8fe884be]: BUSY {"metadata":{"emulator":{"name":"functions"},"message":"[worker-~diagnostic~-14587aa8-521b-42ce-bc02-b48f8fe884be]: BUSY"}}
[debug] [2020-06-18T21:59:51.506Z] [runtime-status] [18511] Functions runtime initialized. {"cwd":"/Users/charlesma/Desktop/stint/functions","node_version":"12.16.2"} {"metadata":{"emulator":{"name":"functions"},"message":"[runtime-status] [18511] Functions runtime initialized. {\"cwd\":\"/Users/charlesma/Desktop/stint/functions\",\"node_version\":\"12.16.2\"}"}}
[debug] [2020-06-18T21:59:51.510Z] [runtime-status] [18511] Disabled runtime features: undefined {"metadata":{"emulator":{"name":"functions"},"message":"[runtime-status] [18511] Disabled runtime features: undefined"}}
[debug] [2020-06-18T21:59:51.513Z] [runtime-status] [18511] Resolved module firebase-admin {"declared":true,"installed":true,"version":"8.12.1","resolution":"/Users/charlesma/Desktop/stint/functions/node_modules/firebase-admin/lib/index.js"} {"metadata":{"emulator":{"name":"functions"},"message":"[runtime-status] [18511] Resolved module firebase-admin {\"declared\":true,\"installed\":true,\"version\":\"8.12.1\",\"resolution\":\"/Users/charlesma/Desktop/stint/functions/node_modules/firebase-admin/lib/index.js\"}"}}
[debug] [2020-06-18T21:59:51.515Z] [runtime-status] [18511] Resolved module firebase-functions {"declared":true,"installed":true,"version":"3.7.0","resolution":"/Users/charlesma/Desktop/stint/functions/node_modules/firebase-functions/lib/index.js"} {"metadata":{"emulator":{"name":"functions"},"message":"[runtime-status] [18511] Resolved module firebase-functions {\"declared\":true,\"installed\":true,\"version\":\"3.7.0\",\"resolution\":\"/Users/charlesma/Desktop/stint/functions/node_modules/firebase-functions/lib/index.js\"}"}}
[debug] [2020-06-18T21:59:51.519Z] [runtime-status] [18511] Outgoing network have been stubbed. [{"name":"http","status":"mocked"},{"name":"http","status":"mocked"},{"name":"https","status":"mocked"},{"name":"https","status":"mocked"},{"name":"net","status":"mocked"}] {"metadata":{"emulator":{"name":"functions"},"message":"[runtime-status] [18511] Outgoing network have been stubbed. [{\"name\":\"http\",\"status\":\"mocked\"},{\"name\":\"http\",\"status\":\"mocked\"},{\"name\":\"https\",\"status\":\"mocked\"},{\"name\":\"https\",\"status\":\"mocked\"},{\"name\":\"net\",\"status\":\"mocked\"}]"}}
[debug] [2020-06-18T21:59:51.520Z] [runtime-status] [18511] Resolved module firebase-functions {"declared":true,"installed":true,"version":"3.7.0","resolution":"/Users/charlesma/Desktop/stint/functions/node_modules/firebase-functions/lib/index.js"} {"metadata":{"emulator":{"name":"functions"},"message":"[runtime-status] [18511] Resolved module firebase-functions {\"declared\":true,\"installed\":true,\"version\":\"3.7.0\",\"resolution\":\"/Users/charlesma/Desktop/stint/functions/node_modules/firebase-functions/lib/index.js\"}"}}
[debug] [2020-06-18T21:59:51.633Z] [runtime-status] [18511] Checked functions.config() {"config":{}} {"metadata":{"emulator":{"name":"functions"},"message":"[runtime-status] [18511] Checked functions.config() {\"config\":{}}"}}
[debug] [2020-06-18T21:59:51.636Z] [runtime-status] [18511] firebase-functions has been stubbed. {"functionsResolution":{"declared":true,"installed":true,"version":"3.7.0","resolution":"/Users/charlesma/Desktop/stint/functions/node_modules/firebase-functions/lib/index.js"}} {"metadata":{"emulator":{"name":"functions"},"message":"[runtime-status] [18511] firebase-functions has been stubbed. {\"functionsResolution\":{\"declared\":true,\"installed\":true,\"version\":\"3.7.0\",\"resolution\":\"/Users/charlesma/Desktop/stint/functions/node_modules/firebase-functions/lib/index.js\"}}"}}
[debug] [2020-06-18T21:59:51.641Z] [runtime-status] [18511] Resolved module firebase-functions {"declared":true,"installed":true,"version":"3.7.0","resolution":"/Users/charlesma/Desktop/stint/functions/node_modules/firebase-functions/lib/index.js"} {"metadata":{"emulator":{"name":"functions"},"message":"[runtime-status] [18511] Resolved module firebase-functions {\"declared\":true,\"installed\":true,\"version\":\"3.7.0\",\"resolution\":\"/Users/charlesma/Desktop/stint/functions/node_modules/firebase-functions/lib/index.js\"}"}}
[debug] [2020-06-18T21:59:51.642Z] [runtime-status] [18511] Resolved module firebase-admin {"declared":true,"installed":true,"version":"8.12.1","resolution":"/Users/charlesma/Desktop/stint/functions/node_modules/firebase-admin/lib/index.js"} {"metadata":{"emulator":{"name":"functions"},"message":"[runtime-status] [18511] Resolved module firebase-admin {\"declared\":true,\"installed\":true,\"version\":\"8.12.1\",\"resolution\":\"/Users/charlesma/Desktop/stint/functions/node_modules/firebase-admin/lib/index.js\"}"}}
[debug] [2020-06-18T21:59:51.642Z] [runtime-status] [18511] Resolved module firebase-functions {"declared":true,"installed":true,"version":"3.7.0","resolution":"/Users/charlesma/Desktop/stint/functions/node_modules/firebase-functions/lib/index.js"} {"metadata":{"emulator":{"name":"functions"},"message":"[runtime-status] [18511] Resolved module firebase-functions {\"declared\":true,\"installed\":true,\"version\":\"3.7.0\",\"resolution\":\"/Users/charlesma/Desktop/stint/functions/node_modules/firebase-functions/lib/index.js\"}"}}
[debug] [2020-06-18T21:59:51.643Z] [runtime-status] [18511] firebase-admin has been stubbed. {"adminResolution":{"declared":true,"installed":true,"version":"8.12.1","resolution":"/Users/charlesma/Desktop/stint/functions/node_modules/firebase-admin/lib/index.js"}} {"metadata":{"emulator":{"name":"functions"},"message":"[runtime-status] [18511] firebase-admin has been stubbed. {\"adminResolution\":{\"declared\":true,\"installed\":true,\"version\":\"8.12.1\",\"resolution\":\"/Users/charlesma/Desktop/stint/functions/node_modules/firebase-admin/lib/index.js\"}}"}}
[info] ✔  functions[sendEmail]: http function initialized (http://localhost:5001/stint-landing/us-central1/sendEmail). {"metadata":{"emulator":{"name":"functions"},"message":"\u001b[1mhttp\u001b[22m function initialized (http://localhost:5001/stint-landing/us-central1/sendEmail)."}}
[info] ✔  functions[getCityPredictions]: http function initialized (http://localhost:5001/stint-landing/us-central1/getCityPredictions). {"metadata":{"emulator":{"name":"functions"},"message":"\u001b[1mhttp\u001b[22m function initialized (http://localhost:5001/stint-landing/us-central1/getCityPredictions)."}}
[info] 
┌───────────────────────────────────────────────────────────────────────┐
│ ✔  All emulators ready! View status and logs at http://localhost:4000 │
└───────────────────────────────────────────────────────────────────────┘

┌───────────┬────────────────┬─────────────────────────────────┐
│ Emulator  │ Host:Port      │ View in Emulator UI             │
├───────────┼────────────────┼─────────────────────────────────┤
│ Functions │ localhost:5001 │ http://localhost:4000/functions │
└───────────┴────────────────┴─────────────────────────────────┘
  Other reserved ports: 4400, 4500

Issues? Report them at https://github.com/firebase/firebase-tools/issues and attach the *-debug.log files.
 
[debug] [2020-06-18T21:59:51.771Z] [worker-~diagnostic~-14587aa8-521b-42ce-bc02-b48f8fe884be]: IDLE {"metadata":{"emulator":{"name":"functions"},"message":"[worker-~diagnostic~-14587aa8-521b-42ce-bc02-b48f8fe884be]: IDLE"}}
[debug] [2020-06-18T22:00:11.167Z] [work-queue] {"queueLength":1,"workRunningCount":0}
[debug] [2020-06-18T22:00:11.167Z] [work-queue] {"queueLength":0,"workRunningCount":1}
[debug] [2020-06-18T22:00:11.168Z] Accepted request GET /stint-landing/us-central1/getCityPredictions --> getCityPredictions
[debug] [2020-06-18T22:00:11.175Z] [worker-pool] addWorker(getCityPredictions) {"metadata":{"emulator":{"name":"functions"},"message":"[worker-pool] addWorker(getCityPredictions)"}}
[debug] [2020-06-18T22:00:11.176Z] [worker-pool] Adding worker with key getCityPredictions, total=1 {"metadata":{"emulator":{"name":"functions"},"message":"[worker-pool] Adding worker with key getCityPredictions, total=1"}}
[debug] [2020-06-18T22:00:11.176Z] [worker-pool] submitWork(triggerId=getCityPredictions) {"metadata":{"emulator":{"name":"functions"},"message":"[worker-pool] submitWork(triggerId=getCityPredictions)"}}
[debug] [2020-06-18T22:00:11.176Z] [worker-getCityPredictions-324716d9-cd23-4d84-aabf-b7a6995316be]: Assigning socketPath: /var/folders/z6/ll9m46g91vl6kcm1v_3mv5qc0000gn/T/fire_emu_18513.sock {"metadata":{"emulator":{"name":"functions"},"message":"[worker-getCityPredictions-324716d9-cd23-4d84-aabf-b7a6995316be]: Assigning socketPath: /var/folders/z6/ll9m46g91vl6kcm1v_3mv5qc0000gn/T/fire_emu_18513.sock"}}
[debug] [2020-06-18T22:00:11.176Z] [worker-getCityPredictions-324716d9-cd23-4d84-aabf-b7a6995316be]: BUSY {"metadata":{"emulator":{"name":"functions"},"message":"[worker-getCityPredictions-324716d9-cd23-4d84-aabf-b7a6995316be]: BUSY"}}
[debug] [2020-06-18T22:00:11.426Z] [runtime-status] [18513] Functions runtime initialized. {"cwd":"/Users/charlesma/Desktop/stint/functions","node_version":"12.16.2"} {"metadata":{"emulator":{"name":"functions"},"function":{"name":"getCityPredictions"},"message":"[runtime-status] [18513] Functions runtime initialized. {\"cwd\":\"/Users/charlesma/Desktop/stint/functions\",\"node_version\":\"12.16.2\"}"}}
[debug] [2020-06-18T22:00:11.427Z] [runtime-status] [18513] Disabled runtime features: undefined {"metadata":{"emulator":{"name":"functions"},"function":{"name":"getCityPredictions"},"message":"[runtime-status] [18513] Disabled runtime features: undefined"}}
[debug] [2020-06-18T22:00:11.429Z] [runtime-status] [18513] Resolved module firebase-admin {"declared":true,"installed":true,"version":"8.12.1","resolution":"/Users/charlesma/Desktop/stint/functions/node_modules/firebase-admin/lib/index.js"} {"metadata":{"emulator":{"name":"functions"},"function":{"name":"getCityPredictions"},"message":"[runtime-status] [18513] Resolved module firebase-admin {\"declared\":true,\"installed\":true,\"version\":\"8.12.1\",\"resolution\":\"/Users/charlesma/Desktop/stint/functions/node_modules/firebase-admin/lib/index.js\"}"}}
[debug] [2020-06-18T22:00:11.430Z] [runtime-status] [18513] Resolved module firebase-functions {"declared":true,"installed":true,"version":"3.7.0","resolution":"/Users/charlesma/Desktop/stint/functions/node_modules/firebase-functions/lib/index.js"} {"metadata":{"emulator":{"name":"functions"},"function":{"name":"getCityPredictions"},"message":"[runtime-status] [18513] Resolved module firebase-functions {\"declared\":true,\"installed\":true,\"version\":\"3.7.0\",\"resolution\":\"/Users/charlesma/Desktop/stint/functions/node_modules/firebase-functions/lib/index.js\"}"}}
[debug] [2020-06-18T22:00:11.434Z] [runtime-status] [18513] Outgoing network have been stubbed. [{"name":"http","status":"mocked"},{"name":"http","status":"mocked"},{"name":"https","status":"mocked"},{"name":"https","status":"mocked"},{"name":"net","status":"mocked"}] {"metadata":{"emulator":{"name":"functions"},"function":{"name":"getCityPredictions"},"message":"[runtime-status] [18513] Outgoing network have been stubbed. [{\"name\":\"http\",\"status\":\"mocked\"},{\"name\":\"http\",\"status\":\"mocked\"},{\"name\":\"https\",\"status\":\"mocked\"},{\"name\":\"https\",\"status\":\"mocked\"},{\"name\":\"net\",\"status\":\"mocked\"}]"}}
[debug] [2020-06-18T22:00:11.434Z] [runtime-status] [18513] Resolved module firebase-functions {"declared":true,"installed":true,"version":"3.7.0","resolution":"/Users/charlesma/Desktop/stint/functions/node_modules/firebase-functions/lib/index.js"} {"metadata":{"emulator":{"name":"functions"},"function":{"name":"getCityPredictions"},"message":"[runtime-status] [18513] Resolved module firebase-functions {\"declared\":true,\"installed\":true,\"version\":\"3.7.0\",\"resolution\":\"/Users/charlesma/Desktop/stint/functions/node_modules/firebase-functions/lib/index.js\"}"}}
[debug] [2020-06-18T22:00:11.465Z] [runtime-status] [18513] Checked functions.config() {"config":{}} {"metadata":{"emulator":{"name":"functions"},"function":{"name":"getCityPredictions"},"message":"[runtime-status] [18513] Checked functions.config() {\"config\":{}}"}}
[debug] [2020-06-18T22:00:11.466Z] [runtime-status] [18513] firebase-functions has been stubbed. {"functionsResolution":{"declared":true,"installed":true,"version":"3.7.0","resolution":"/Users/charlesma/Desktop/stint/functions/node_modules/firebase-functions/lib/index.js"}} {"metadata":{"emulator":{"name":"functions"},"function":{"name":"getCityPredictions"},"message":"[runtime-status] [18513] firebase-functions has been stubbed. {\"functionsResolution\":{\"declared\":true,\"installed\":true,\"version\":\"3.7.0\",\"resolution\":\"/Users/charlesma/Desktop/stint/functions/node_modules/firebase-functions/lib/index.js\"}}"}}
[debug] [2020-06-18T22:00:11.466Z] [runtime-status] [18513] Resolved module firebase-functions {"declared":true,"installed":true,"version":"3.7.0","resolution":"/Users/charlesma/Desktop/stint/functions/node_modules/firebase-functions/lib/index.js"} {"metadata":{"emulator":{"name":"functions"},"function":{"name":"getCityPredictions"},"message":"[runtime-status] [18513] Resolved module firebase-functions {\"declared\":true,\"installed\":true,\"version\":\"3.7.0\",\"resolution\":\"/Users/charlesma/Desktop/stint/functions/node_modules/firebase-functions/lib/index.js\"}"}}
[debug] [2020-06-18T22:00:11.467Z] [runtime-status] [18513] Resolved module firebase-admin {"declared":true,"installed":true,"version":"8.12.1","resolution":"/Users/charlesma/Desktop/stint/functions/node_modules/firebase-admin/lib/index.js"} {"metadata":{"emulator":{"name":"functions"},"function":{"name":"getCityPredictions"},"message":"[runtime-status] [18513] Resolved module firebase-admin {\"declared\":true,\"installed\":true,\"version\":\"8.12.1\",\"resolution\":\"/Users/charlesma/Desktop/stint/functions/node_modules/firebase-admin/lib/index.js\"}"}}
[debug] [2020-06-18T22:00:11.468Z] [runtime-status] [18513] Resolved module firebase-functions {"declared":true,"installed":true,"version":"3.7.0","resolution":"/Users/charlesma/Desktop/stint/functions/node_modules/firebase-functions/lib/index.js"} {"metadata":{"emulator":{"name":"functions"},"function":{"name":"getCityPredictions"},"message":"[runtime-status] [18513] Resolved module firebase-functions {\"declared\":true,\"installed\":true,\"version\":\"3.7.0\",\"resolution\":\"/Users/charlesma/Desktop/stint/functions/node_modules/firebase-functions/lib/index.js\"}"}}
[debug] [2020-06-18T22:00:11.468Z] [runtime-status] [18513] firebase-admin has been stubbed. {"adminResolution":{"declared":true,"installed":true,"version":"8.12.1","resolution":"/Users/charlesma/Desktop/stint/functions/node_modules/firebase-admin/lib/index.js"}} {"metadata":{"emulator":{"name":"functions"},"function":{"name":"getCityPredictions"},"message":"[runtime-status] [18513] firebase-admin has been stubbed. {\"adminResolution\":{\"declared\":true,\"installed\":true,\"version\":\"8.12.1\",\"resolution\":\"/Users/charlesma/Desktop/stint/functions/node_modules/firebase-admin/lib/index.js\"}}"}}
[debug] [2020-06-18T22:00:11.502Z] [runtime-status] [18513] Trigger "getCityPredictions" has been found, beginning invocation! {"metadata":{"emulator":{"name":"functions"},"function":{"name":"getCityPredictions"},"message":"[runtime-status] [18513] Trigger \"getCityPredictions\" has been found, beginning invocation!"}}
[info] i  functions: Beginning execution of "getCityPredictions" {"metadata":{"emulator":{"name":"functions"},"function":{"name":"getCityPredictions"},"message":"Beginning execution of \"getCityPredictions\""}}
[debug] [2020-06-18T22:00:11.505Z] [runtime-status] [18513] triggerDefinition {"httpsTrigger":{},"name":"getCityPredictions","entryPoint":"getCityPredictions"} {"metadata":{"emulator":{"name":"functions"},"function":{"name":"getCityPredictions"},"message":"[runtime-status] [18513] triggerDefinition {\"httpsTrigger\":{},\"name\":\"getCityPredictions\",\"entryPoint\":\"getCityPredictions\"}"}}
[debug] [2020-06-18T22:00:11.507Z] [runtime-status] [18513] Running getCityPredictions in mode HTTPS {"metadata":{"emulator":{"name":"functions"},"function":{"name":"getCityPredictions"},"message":"[runtime-status] [18513] Running getCityPredictions in mode HTTPS"}}
[debug] [2020-06-18T22:00:11.510Z] [runtime-status] [18513] Attempting to listen to socketPath: /var/folders/z6/ll9m46g91vl6kcm1v_3mv5qc0000gn/T/fire_emu_18513.sock {"metadata":{"emulator":{"name":"functions"},"function":{"name":"getCityPredictions"},"message":"[runtime-status] [18513] Attempting to listen to socketPath: /var/folders/z6/ll9m46g91vl6kcm1v_3mv5qc0000gn/T/fire_emu_18513.sock"}}
[debug] [2020-06-18T22:00:11.513Z] [functions] Runtime ready! Sending request! {"metadata":{"emulator":{"name":"functions"},"message":"[functions] Runtime ready! Sending request!"}}
[debug] [2020-06-18T22:00:11.520Z] [runtime-status] [18513] Ephemeral server handling GET request {"metadata":{"emulator":{"name":"functions"},"function":{"name":"getCityPredictions"},"message":"[runtime-status] [18513] Ephemeral server handling GET request"}}
[debug] [2020-06-18T22:00:11.521Z] [runtime-status] [18513] Ephemeral server survived. {"metadata":{"emulator":{"name":"functions"},"function":{"name":"getCityPredictions"},"message":"[runtime-status] [18513] Ephemeral server survived."}}
[warn] ⚠  functions: ReferenceError: apiUrl is not defined
    at /Users/charlesma/Desktop/stint/functions/index.js:45:20
    at cors (/Users/charlesma/Desktop/stint/functions/node_modules/cors/lib/index.js:188:7)
    at /Users/charlesma/Desktop/stint/functions/node_modules/cors/lib/index.js:224:17
    at originCallback (/Users/charlesma/Desktop/stint/functions/node_modules/cors/lib/index.js:214:15)
    at /Users/charlesma/Desktop/stint/functions/node_modules/cors/lib/index.js:219:13
    at optionsCallback (/Users/charlesma/Desktop/stint/functions/node_modules/cors/lib/index.js:199:9)
    at corsMiddleware (/Users/charlesma/Desktop/stint/functions/node_modules/cors/lib/index.js:204:7)
    at /Users/charlesma/Desktop/stint/functions/index.js:42:2
    at /usr/local/lib/node_modules/firebase-tools/lib/emulator/functionsEmulatorRuntime.js:563:20
    at /usr/local/lib/node_modules/firebase-tools/lib/emulator/functionsEmulatorRuntime.js:538:19 {"metadata":{"emulator":{"name":"functions"},"function":{"name":"getCityPredictions"},"message":"ReferenceError: apiUrl is not defined\n    at /Users/charlesma/Desktop/stint/functions/index.js:45:20\n    at cors (/Users/charlesma/Desktop/stint/functions/node_modules/cors/lib/index.js:188:7)\n    at /Users/charlesma/Desktop/stint/functions/node_modules/cors/lib/index.js:224:17\n    at originCallback (/Users/charlesma/Desktop/stint/functions/node_modules/cors/lib/index.js:214:15)\n    at /Users/charlesma/Desktop/stint/functions/node_modules/cors/lib/index.js:219:13\n    at optionsCallback (/Users/charlesma/Desktop/stint/functions/node_modules/cors/lib/index.js:199:9)\n    at corsMiddleware (/Users/charlesma/Desktop/stint/functions/node_modules/cors/lib/index.js:204:7)\n    at /Users/charlesma/Desktop/stint/functions/index.js:42:2\n    at /usr/local/lib/node_modules/firebase-tools/lib/emulator/functionsEmulatorRuntime.js:563:20\n    at /usr/local/lib/node_modules/firebase-tools/lib/emulator/functionsEmulatorRuntime.js:538:19"}}
[warn] ⚠  Your function was killed because it raised an unhandled error. {"metadata":{"emulator":{"name":"functions"},"function":{"name":"getCityPredictions"},"message":"Your function was killed because it raised an unhandled error."}}
[debug] [2020-06-18T22:00:11.595Z] [worker-getCityPredictions-324716d9-cd23-4d84-aabf-b7a6995316be]: exited {"metadata":{"emulator":{"name":"functions"},"message":"[worker-getCityPredictions-324716d9-cd23-4d84-aabf-b7a6995316be]: exited"}}
[debug] [2020-06-18T22:00:11.595Z] [worker-getCityPredictions-324716d9-cd23-4d84-aabf-b7a6995316be]: FINISHED {"metadata":{"emulator":{"name":"functions"},"message":"[worker-getCityPredictions-324716d9-cd23-4d84-aabf-b7a6995316be]: FINISHED"}}
[debug] [2020-06-18T22:00:11.595Z] [work-queue] {"queueLength":0,"workRunningCount":0}
