[debug] [2020-07-24T21:43:57.431Z] ----------------------------------------------------------------------
[debug] [2020-07-24T21:43:57.434Z] Command:       /Users/l1nda/.nvm/versions/node/v13.8.0/bin/node /Users/l1nda/.nvm/versions/node/v13.8.0/bin/firebase emulators:start --only functions
[debug] [2020-07-24T21:43:57.434Z] CLI Version:   8.5.0
[debug] [2020-07-24T21:43:57.434Z] Platform:      darwin
[debug] [2020-07-24T21:43:57.434Z] Node Version:  v13.8.0
[debug] [2020-07-24T21:43:57.438Z] Time:          Fri Jul 24 2020 17:43:57 GMT-0400 (Eastern Daylight Time)
[debug] [2020-07-24T21:43:57.439Z] ----------------------------------------------------------------------
[debug] [2020-07-24T21:43:57.439Z] 
[debug] [2020-07-24T21:43:57.453Z] > command requires scopes: ["email","openid","https://www.googleapis.com/auth/cloudplatformprojects.readonly","https://www.googleapis.com/auth/firebase","https://www.googleapis.com/auth/cloud-platform"]
[debug] [2020-07-24T21:43:57.454Z] > authorizing via signed-in user
[info] i  emulators: Starting emulators: functions {"metadata":{"emulator":{"name":"hub"},"message":"Starting emulators: functions"}}
[debug] [2020-07-24T21:43:57.487Z] [hub] writing locator at /var/folders/zl/fygmnvd10fdgpwgvs3gdm6j40000gn/T/hub-stint-staging-eb100.json
[debug] [2020-07-24T21:43:57.508Z] defaultcredentials: writing to file /Users/l1nda/.config/firebase/wearestint_gmail_com_application_default_credentials.json
[debug] [2020-07-24T21:43:57.511Z] Setting GAC to /Users/l1nda/.config/firebase/wearestint_gmail_com_application_default_credentials.json {"metadata":{"emulator":{"name":"functions"},"message":"Setting GAC to /Users/l1nda/.config/firebase/wearestint_gmail_com_application_default_credentials.json"}}
[warn] ⚠  functions: The following emulators are not running, calls to these services from the Functions emulator will affect production: firestore, database, hosting, pubsub {"metadata":{"emulator":{"name":"functions"},"message":"The following emulators are not running, calls to these services from the Functions emulator will affect production: \u001b[1mfirestore, database, hosting, pubsub\u001b[22m"}}
[warn] ⚠  Your requested "node" version "8" doesn't match your global version "13" {"metadata":{"emulator":{"name":"functions"},"message":"Your requested \"node\" version \"8\" doesn't match your global version \"13\""}}
[debug] [2020-07-24T21:43:57.541Z] Ignoring unsupported arg: auto_download {"metadata":{"emulator":{"name":"ui"},"message":"Ignoring unsupported arg: auto_download"}}
[debug] [2020-07-24T21:43:57.541Z] Ignoring unsupported arg: port {"metadata":{"emulator":{"name":"ui"},"message":"Ignoring unsupported arg: port"}}
[debug] [2020-07-24T21:43:57.541Z] Starting Emulator UI with command {"binary":"node","args":["/Users/l1nda/.cache/firebase/emulators/ui-v1.1.0/server.bundle.js"],"optionalArgs":[],"joinArgs":false} {"metadata":{"emulator":{"name":"ui"},"message":"Starting Emulator UI with command {\"binary\":\"node\",\"args\":[\"/Users/l1nda/.cache/firebase/emulators/ui-v1.1.0/server.bundle.js\"],\"optionalArgs\":[],\"joinArgs\":false}"}}
[info] i  ui: Emulator UI logging to ui-debug.log {"metadata":{"emulator":{"name":"ui"},"message":"Emulator UI logging to \u001b[1mui-debug.log\u001b[22m"}}
[debug] [2020-07-24T21:43:57.674Z] Web / API server started at http://localhost:4000
 {"metadata":{"emulator":{"name":"ui"},"message":"Web / API server started at http://localhost:4000\n"}}
[info] i  functions: Watching "/Users/l1nda/Documents/stint/stint-web/functions" for Cloud Functions... {"metadata":{"emulator":{"name":"functions"},"message":"Watching \"/Users/l1nda/Documents/stint/stint-web/functions\" for Cloud Functions..."}}
[debug] [2020-07-24T21:43:57.839Z] [worker-pool] addWorker(~diagnostic~) {"metadata":{"emulator":{"name":"functions"},"message":"[worker-pool] addWorker(~diagnostic~)"}}
[debug] [2020-07-24T21:43:57.840Z] [worker-pool] Adding worker with key ~diagnostic~, total=1 {"metadata":{"emulator":{"name":"functions"},"message":"[worker-pool] Adding worker with key ~diagnostic~, total=1"}}
[debug] [2020-07-24T21:43:57.840Z] [worker-pool] submitWork(triggerId=) {"metadata":{"emulator":{"name":"functions"},"message":"[worker-pool] submitWork(triggerId=)"}}
[debug] [2020-07-24T21:43:57.840Z] [worker-~diagnostic~-753aea6a-e492-4d23-9674-8a9c7ec89009]: Assigning socketPath: /var/folders/zl/fygmnvd10fdgpwgvs3gdm6j40000gn/T/fire_emu_4325.sock {"metadata":{"emulator":{"name":"functions"},"message":"[worker-~diagnostic~-753aea6a-e492-4d23-9674-8a9c7ec89009]: Assigning socketPath: /var/folders/zl/fygmnvd10fdgpwgvs3gdm6j40000gn/T/fire_emu_4325.sock"}}
[debug] [2020-07-24T21:43:57.841Z] [worker-~diagnostic~-753aea6a-e492-4d23-9674-8a9c7ec89009]: BUSY {"metadata":{"emulator":{"name":"functions"},"message":"[worker-~diagnostic~-753aea6a-e492-4d23-9674-8a9c7ec89009]: BUSY"}}
[debug] [2020-07-24T21:43:58.085Z] [runtime-status] [4325] Functions runtime initialized. {"cwd":"/Users/l1nda/Documents/stint/stint-web/functions","node_version":"13.8.0"} {"metadata":{"emulator":{"name":"functions"},"message":"[runtime-status] [4325] Functions runtime initialized. {\"cwd\":\"/Users/l1nda/Documents/stint/stint-web/functions\",\"node_version\":\"13.8.0\"}"}}
[debug] [2020-07-24T21:43:58.087Z] [runtime-status] [4325] Disabled runtime features: undefined {"metadata":{"emulator":{"name":"functions"},"message":"[runtime-status] [4325] Disabled runtime features: undefined"}}
[debug] [2020-07-24T21:43:58.089Z] [runtime-status] [4325] Resolved module firebase-admin {"declared":true,"installed":true,"version":"8.12.1","resolution":"/Users/l1nda/Documents/stint/stint-web/functions/node_modules/firebase-admin/lib/index.js"} {"metadata":{"emulator":{"name":"functions"},"message":"[runtime-status] [4325] Resolved module firebase-admin {\"declared\":true,\"installed\":true,\"version\":\"8.12.1\",\"resolution\":\"/Users/l1nda/Documents/stint/stint-web/functions/node_modules/firebase-admin/lib/index.js\"}"}}
[debug] [2020-07-24T21:43:58.091Z] [runtime-status] [4325] Resolved module firebase-functions {"declared":true,"installed":true,"version":"3.7.0","resolution":"/Users/l1nda/Documents/stint/stint-web/functions/node_modules/firebase-functions/lib/index.js"} {"metadata":{"emulator":{"name":"functions"},"message":"[runtime-status] [4325] Resolved module firebase-functions {\"declared\":true,\"installed\":true,\"version\":\"3.7.0\",\"resolution\":\"/Users/l1nda/Documents/stint/stint-web/functions/node_modules/firebase-functions/lib/index.js\"}"}}
[debug] [2020-07-24T21:43:58.093Z] [runtime-status] [4325] Found local functions config: /Users/l1nda/Documents/stint/stint-web/functions/.runtimeconfig.json {"metadata":{"emulator":{"name":"functions"},"message":"[runtime-status] [4325] Found local functions config: /Users/l1nda/Documents/stint/stint-web/functions/.runtimeconfig.json"}}
[debug] [2020-07-24T21:43:58.095Z] [runtime-status] [4325] Outgoing network have been stubbed. [{"name":"http","status":"mocked"},{"name":"http","status":"mocked"},{"name":"https","status":"mocked"},{"name":"https","status":"mocked"},{"name":"net","status":"mocked"}] {"metadata":{"emulator":{"name":"functions"},"message":"[runtime-status] [4325] Outgoing network have been stubbed. [{\"name\":\"http\",\"status\":\"mocked\"},{\"name\":\"http\",\"status\":\"mocked\"},{\"name\":\"https\",\"status\":\"mocked\"},{\"name\":\"https\",\"status\":\"mocked\"},{\"name\":\"net\",\"status\":\"mocked\"}]"}}
[debug] [2020-07-24T21:43:58.098Z] [runtime-status] [4325] Resolved module firebase-functions {"declared":true,"installed":true,"version":"3.7.0","resolution":"/Users/l1nda/Documents/stint/stint-web/functions/node_modules/firebase-functions/lib/index.js"} {"metadata":{"emulator":{"name":"functions"},"message":"[runtime-status] [4325] Resolved module firebase-functions {\"declared\":true,\"installed\":true,\"version\":\"3.7.0\",\"resolution\":\"/Users/l1nda/Documents/stint/stint-web/functions/node_modules/firebase-functions/lib/index.js\"}"}}
[debug] [2020-07-24T21:43:58.198Z] [runtime-status] [4325] Checked functions.config() {"config":{"algolia":{"key":"1c86cf71c54d9c52e3f3eebe40f97d0b","app":"WIKHMH6NJW","index":"staging_users"},"github":{"key":"4a4d3e18f42840aac15c7077167c6460273261c1","id":"090ce4141938fb7d2fb5"}}} {"metadata":{"emulator":{"name":"functions"},"message":"[runtime-status] [4325] Checked functions.config() {\"config\":{\"algolia\":{\"key\":\"1c86cf71c54d9c52e3f3eebe40f97d0b\",\"app\":\"WIKHMH6NJW\",\"index\":\"staging_users\"},\"github\":{\"key\":\"4a4d3e18f42840aac15c7077167c6460273261c1\",\"id\":\"090ce4141938fb7d2fb5\"}}}"}}
[debug] [2020-07-24T21:43:58.199Z] [runtime-status] [4325] firebase-functions has been stubbed. {"functionsResolution":{"declared":true,"installed":true,"version":"3.7.0","resolution":"/Users/l1nda/Documents/stint/stint-web/functions/node_modules/firebase-functions/lib/index.js"}} {"metadata":{"emulator":{"name":"functions"},"message":"[runtime-status] [4325] firebase-functions has been stubbed. {\"functionsResolution\":{\"declared\":true,\"installed\":true,\"version\":\"3.7.0\",\"resolution\":\"/Users/l1nda/Documents/stint/stint-web/functions/node_modules/firebase-functions/lib/index.js\"}}"}}
[debug] [2020-07-24T21:43:58.199Z] [runtime-status] [4325] Resolved module firebase-functions {"declared":true,"installed":true,"version":"3.7.0","resolution":"/Users/l1nda/Documents/stint/stint-web/functions/node_modules/firebase-functions/lib/index.js"} {"metadata":{"emulator":{"name":"functions"},"message":"[runtime-status] [4325] Resolved module firebase-functions {\"declared\":true,\"installed\":true,\"version\":\"3.7.0\",\"resolution\":\"/Users/l1nda/Documents/stint/stint-web/functions/node_modules/firebase-functions/lib/index.js\"}"}}
[debug] [2020-07-24T21:43:58.199Z] [runtime-status] [4325] Resolved module firebase-admin {"declared":true,"installed":true,"version":"8.12.1","resolution":"/Users/l1nda/Documents/stint/stint-web/functions/node_modules/firebase-admin/lib/index.js"} {"metadata":{"emulator":{"name":"functions"},"message":"[runtime-status] [4325] Resolved module firebase-admin {\"declared\":true,\"installed\":true,\"version\":\"8.12.1\",\"resolution\":\"/Users/l1nda/Documents/stint/stint-web/functions/node_modules/firebase-admin/lib/index.js\"}"}}
[debug] [2020-07-24T21:43:58.200Z] [runtime-status] [4325] Resolved module firebase-functions {"declared":true,"installed":true,"version":"3.7.0","resolution":"/Users/l1nda/Documents/stint/stint-web/functions/node_modules/firebase-functions/lib/index.js"} {"metadata":{"emulator":{"name":"functions"},"message":"[runtime-status] [4325] Resolved module firebase-functions {\"declared\":true,\"installed\":true,\"version\":\"3.7.0\",\"resolution\":\"/Users/l1nda/Documents/stint/stint-web/functions/node_modules/firebase-functions/lib/index.js\"}"}}
[debug] [2020-07-24T21:43:58.200Z] [runtime-status] [4325] firebase-admin has been stubbed. {"adminResolution":{"declared":true,"installed":true,"version":"8.12.1","resolution":"/Users/l1nda/Documents/stint/stint-web/functions/node_modules/firebase-admin/lib/index.js"}} {"metadata":{"emulator":{"name":"functions"},"message":"[runtime-status] [4325] firebase-admin has been stubbed. {\"adminResolution\":{\"declared\":true,\"installed\":true,\"version\":\"8.12.1\",\"resolution\":\"/Users/l1nda/Documents/stint/stint-web/functions/node_modules/firebase-admin/lib/index.js\"}}"}}
[info] ✔  functions[sendEmail]: http function initialized (http://localhost:5001/stint-staging-eb100/us-central1/sendEmail). {"metadata":{"emulator":{"name":"functions"},"message":"\u001b[1mhttp\u001b[22m function initialized (http://localhost:5001/stint-staging-eb100/us-central1/sendEmail)."}}
[info] ✔  functions[getGithubRepos]: http function initialized (http://localhost:5001/stint-staging-eb100/us-central1/getGithubRepos). {"metadata":{"emulator":{"name":"functions"},"message":"\u001b[1mhttp\u001b[22m function initialized (http://localhost:5001/stint-staging-eb100/us-central1/getGithubRepos)."}}
[info] ✔  functions[getInstaInfo]: http function initialized (http://localhost:5001/stint-staging-eb100/us-central1/getInstaInfo). {"metadata":{"emulator":{"name":"functions"},"message":"\u001b[1mhttp\u001b[22m function initialized (http://localhost:5001/stint-staging-eb100/us-central1/getInstaInfo)."}}
[info] ✔  functions[getMediumInfo]: http function initialized (http://localhost:5001/stint-staging-eb100/us-central1/getMediumInfo). {"metadata":{"emulator":{"name":"functions"},"message":"\u001b[1mhttp\u001b[22m function initialized (http://localhost:5001/stint-staging-eb100/us-central1/getMediumInfo)."}}
[info] 
┌───────────────────────────────────────────────────────────────────────┐
│ ✔  All emulators ready! View status and logs at http://localhost:4000 │
└───────────────────────────────────────────────────────────────────────┘

┌───────────┬────────────────┬─────────────────────────────────┐
│ Emulator  │ Host:Port      │ View in Emulator UI             │
├───────────┼────────────────┼─────────────────────────────────┤
│ Functions │ localhost:5001 │ http://localhost:4000/functions │
└───────────┴────────────────┴─────────────────────────────────┘
  Other reserved ports: 4400, 4500

Issues? Report them at https://github.com/firebase/firebase-tools/issues and attach the *-debug.log files.
 
[debug] [2020-07-24T21:43:58.829Z] [worker-~diagnostic~-753aea6a-e492-4d23-9674-8a9c7ec89009]: IDLE {"metadata":{"emulator":{"name":"functions"},"message":"[worker-~diagnostic~-753aea6a-e492-4d23-9674-8a9c7ec89009]: IDLE"}}
[debug] [2020-07-27T17:49:43.505Z] ----------------------------------------------------------------------
[debug] [2020-07-27T17:49:43.508Z] Command:       /Users/l1nda/.nvm/versions/node/v13.8.0/bin/node /Users/l1nda/.nvm/versions/node/v13.8.0/bin/firebase emulators:start --only functions
[debug] [2020-07-27T17:49:43.509Z] CLI Version:   8.5.0
[debug] [2020-07-27T17:49:43.511Z] Platform:      darwin
[debug] [2020-07-27T17:49:43.511Z] Node Version:  v13.8.0
[debug] [2020-07-27T17:49:43.521Z] Time:          Mon Jul 27 2020 13:49:43 GMT-0400 (Eastern Daylight Time)
[debug] [2020-07-27T17:49:43.521Z] ----------------------------------------------------------------------
[debug] [2020-07-27T17:49:43.522Z] 
[debug] [2020-07-27T17:49:43.551Z] > command requires scopes: ["email","openid","https://www.googleapis.com/auth/cloudplatformprojects.readonly","https://www.googleapis.com/auth/firebase","https://www.googleapis.com/auth/cloud-platform"]
[debug] [2020-07-27T17:49:43.551Z] > authorizing via signed-in user
[info] i  emulators: Starting emulators: functions {"metadata":{"emulator":{"name":"hub"},"message":"Starting emulators: functions"}}
[warn] ⚠  emulators: It seems that you are running multiple instances of the emulator suite for project stint-staging-eb100. This may result in unexpected behavior. 
[debug] [2020-07-27T17:49:43.603Z] [hub] writing locator at /var/folders/zl/fygmnvd10fdgpwgvs3gdm6j40000gn/T/hub-stint-staging-eb100.json
[debug] [2020-07-27T17:49:43.706Z] defaultcredentials: writing to file /Users/l1nda/.config/firebase/wearestint_gmail_com_application_default_credentials.json
[debug] [2020-07-27T17:49:43.765Z] Setting GAC to /Users/l1nda/.config/firebase/wearestint_gmail_com_application_default_credentials.json {"metadata":{"emulator":{"name":"functions"},"message":"Setting GAC to /Users/l1nda/.config/firebase/wearestint_gmail_com_application_default_credentials.json"}}
[warn] ⚠  functions: The following emulators are not running, calls to these services from the Functions emulator will affect production: firestore, database, hosting, pubsub {"metadata":{"emulator":{"name":"functions"},"message":"The following emulators are not running, calls to these services from the Functions emulator will affect production: \u001b[1mfirestore, database, hosting, pubsub\u001b[22m"}}
[warn] ⚠  Your requested "node" version "8" doesn't match your global version "13" {"metadata":{"emulator":{"name":"functions"},"message":"Your requested \"node\" version \"8\" doesn't match your global version \"13\""}}
[debug] [2020-07-27T17:49:44.069Z] Ignoring unsupported arg: auto_download {"metadata":{"emulator":{"name":"ui"},"message":"Ignoring unsupported arg: auto_download"}}
[debug] [2020-07-27T17:49:44.069Z] Ignoring unsupported arg: port {"metadata":{"emulator":{"name":"ui"},"message":"Ignoring unsupported arg: port"}}
[debug] [2020-07-27T17:49:44.070Z] Starting Emulator UI with command {"binary":"node","args":["/Users/l1nda/.cache/firebase/emulators/ui-v1.1.0/server.bundle.js"],"optionalArgs":[],"joinArgs":false} {"metadata":{"emulator":{"name":"ui"},"message":"Starting Emulator UI with command {\"binary\":\"node\",\"args\":[\"/Users/l1nda/.cache/firebase/emulators/ui-v1.1.0/server.bundle.js\"],\"optionalArgs\":[],\"joinArgs\":false}"}}
[info] i  ui: Emulator UI logging to ui-debug.log {"metadata":{"emulator":{"name":"ui"},"message":"Emulator UI logging to \u001b[1mui-debug.log\u001b[22m"}}
[debug] [2020-07-27T17:49:44.367Z] Web / API server started at http://localhost:4000
 {"metadata":{"emulator":{"name":"ui"},"message":"Web / API server started at http://localhost:4000\n"}}
[info] i  functions: Watching "/Users/l1nda/Documents/stint/stint-web/functions" for Cloud Functions... {"metadata":{"emulator":{"name":"functions"},"message":"Watching \"/Users/l1nda/Documents/stint/stint-web/functions\" for Cloud Functions..."}}
[debug] [2020-07-27T17:49:44.382Z] [worker-pool] addWorker(~diagnostic~) {"metadata":{"emulator":{"name":"functions"},"message":"[worker-pool] addWorker(~diagnostic~)"}}
[debug] [2020-07-27T17:49:44.383Z] [worker-pool] Adding worker with key ~diagnostic~, total=1 {"metadata":{"emulator":{"name":"functions"},"message":"[worker-pool] Adding worker with key ~diagnostic~, total=1"}}
[debug] [2020-07-27T17:49:44.389Z] [worker-pool] submitWork(triggerId=) {"metadata":{"emulator":{"name":"functions"},"message":"[worker-pool] submitWork(triggerId=)"}}
[debug] [2020-07-27T17:49:44.390Z] [worker-~diagnostic~-c7692964-0893-41b5-8939-e31555152ede]: Assigning socketPath: /var/folders/zl/fygmnvd10fdgpwgvs3gdm6j40000gn/T/fire_emu_85175.sock {"metadata":{"emulator":{"name":"functions"},"message":"[worker-~diagnostic~-c7692964-0893-41b5-8939-e31555152ede]: Assigning socketPath: /var/folders/zl/fygmnvd10fdgpwgvs3gdm6j40000gn/T/fire_emu_85175.sock"}}
[debug] [2020-07-27T17:49:44.391Z] [worker-~diagnostic~-c7692964-0893-41b5-8939-e31555152ede]: BUSY {"metadata":{"emulator":{"name":"functions"},"message":"[worker-~diagnostic~-c7692964-0893-41b5-8939-e31555152ede]: BUSY"}}
[debug] [2020-07-27T17:49:45.253Z] [runtime-status] [85175] Functions runtime initialized. {"cwd":"/Users/l1nda/Documents/stint/stint-web/functions","node_version":"13.8.0"} {"metadata":{"emulator":{"name":"functions"},"message":"[runtime-status] [85175] Functions runtime initialized. {\"cwd\":\"/Users/l1nda/Documents/stint/stint-web/functions\",\"node_version\":\"13.8.0\"}"}}
[debug] [2020-07-27T17:49:45.257Z] [runtime-status] [85175] Disabled runtime features: undefined {"metadata":{"emulator":{"name":"functions"},"message":"[runtime-status] [85175] Disabled runtime features: undefined"}}
[debug] [2020-07-27T17:49:45.305Z] [runtime-status] [85175] Resolved module firebase-admin {"declared":true,"installed":true,"version":"8.12.1","resolution":"/Users/l1nda/Documents/stint/stint-web/functions/node_modules/firebase-admin/lib/index.js"} {"metadata":{"emulator":{"name":"functions"},"message":"[runtime-status] [85175] Resolved module firebase-admin {\"declared\":true,\"installed\":true,\"version\":\"8.12.1\",\"resolution\":\"/Users/l1nda/Documents/stint/stint-web/functions/node_modules/firebase-admin/lib/index.js\"}"}}
[debug] [2020-07-27T17:49:45.306Z] [runtime-status] [85175] Resolved module firebase-functions {"declared":true,"installed":true,"version":"3.7.0","resolution":"/Users/l1nda/Documents/stint/stint-web/functions/node_modules/firebase-functions/lib/index.js"} {"metadata":{"emulator":{"name":"functions"},"message":"[runtime-status] [85175] Resolved module firebase-functions {\"declared\":true,\"installed\":true,\"version\":\"3.7.0\",\"resolution\":\"/Users/l1nda/Documents/stint/stint-web/functions/node_modules/firebase-functions/lib/index.js\"}"}}
[debug] [2020-07-27T17:49:45.326Z] [runtime-status] [85175] Found local functions config: /Users/l1nda/Documents/stint/stint-web/functions/.runtimeconfig.json {"metadata":{"emulator":{"name":"functions"},"message":"[runtime-status] [85175] Found local functions config: /Users/l1nda/Documents/stint/stint-web/functions/.runtimeconfig.json"}}
[debug] [2020-07-27T17:49:45.330Z] [runtime-status] [85175] Outgoing network have been stubbed. [{"name":"http","status":"mocked"},{"name":"http","status":"mocked"},{"name":"https","status":"mocked"},{"name":"https","status":"mocked"},{"name":"net","status":"mocked"}] {"metadata":{"emulator":{"name":"functions"},"message":"[runtime-status] [85175] Outgoing network have been stubbed. [{\"name\":\"http\",\"status\":\"mocked\"},{\"name\":\"http\",\"status\":\"mocked\"},{\"name\":\"https\",\"status\":\"mocked\"},{\"name\":\"https\",\"status\":\"mocked\"},{\"name\":\"net\",\"status\":\"mocked\"}]"}}
[debug] [2020-07-27T17:49:45.331Z] [runtime-status] [85175] Resolved module firebase-functions {"declared":true,"installed":true,"version":"3.7.0","resolution":"/Users/l1nda/Documents/stint/stint-web/functions/node_modules/firebase-functions/lib/index.js"} {"metadata":{"emulator":{"name":"functions"},"message":"[runtime-status] [85175] Resolved module firebase-functions {\"declared\":true,\"installed\":true,\"version\":\"3.7.0\",\"resolution\":\"/Users/l1nda/Documents/stint/stint-web/functions/node_modules/firebase-functions/lib/index.js\"}"}}
[debug] [2020-07-27T17:49:45.474Z] [runtime-status] [85175] Checked functions.config() {"config":{"algolia":{"key":"1c86cf71c54d9c52e3f3eebe40f97d0b","app":"WIKHMH6NJW","index":"staging_users"},"github":{"key":"4a4d3e18f42840aac15c7077167c6460273261c1","id":"090ce4141938fb7d2fb5"}}} {"metadata":{"emulator":{"name":"functions"},"message":"[runtime-status] [85175] Checked functions.config() {\"config\":{\"algolia\":{\"key\":\"1c86cf71c54d9c52e3f3eebe40f97d0b\",\"app\":\"WIKHMH6NJW\",\"index\":\"staging_users\"},\"github\":{\"key\":\"4a4d3e18f42840aac15c7077167c6460273261c1\",\"id\":\"090ce4141938fb7d2fb5\"}}}"}}
[debug] [2020-07-27T17:49:45.474Z] [runtime-status] [85175] firebase-functions has been stubbed. {"functionsResolution":{"declared":true,"installed":true,"version":"3.7.0","resolution":"/Users/l1nda/Documents/stint/stint-web/functions/node_modules/firebase-functions/lib/index.js"}} {"metadata":{"emulator":{"name":"functions"},"message":"[runtime-status] [85175] firebase-functions has been stubbed. {\"functionsResolution\":{\"declared\":true,\"installed\":true,\"version\":\"3.7.0\",\"resolution\":\"/Users/l1nda/Documents/stint/stint-web/functions/node_modules/firebase-functions/lib/index.js\"}}"}}
[debug] [2020-07-27T17:49:45.475Z] [runtime-status] [85175] Resolved module firebase-functions {"declared":true,"installed":true,"version":"3.7.0","resolution":"/Users/l1nda/Documents/stint/stint-web/functions/node_modules/firebase-functions/lib/index.js"} {"metadata":{"emulator":{"name":"functions"},"message":"[runtime-status] [85175] Resolved module firebase-functions {\"declared\":true,\"installed\":true,\"version\":\"3.7.0\",\"resolution\":\"/Users/l1nda/Documents/stint/stint-web/functions/node_modules/firebase-functions/lib/index.js\"}"}}
[debug] [2020-07-27T17:49:45.475Z] [runtime-status] [85175] Resolved module firebase-admin {"declared":true,"installed":true,"version":"8.12.1","resolution":"/Users/l1nda/Documents/stint/stint-web/functions/node_modules/firebase-admin/lib/index.js"} {"metadata":{"emulator":{"name":"functions"},"message":"[runtime-status] [85175] Resolved module firebase-admin {\"declared\":true,\"installed\":true,\"version\":\"8.12.1\",\"resolution\":\"/Users/l1nda/Documents/stint/stint-web/functions/node_modules/firebase-admin/lib/index.js\"}"}}
[debug] [2020-07-27T17:49:45.476Z] [runtime-status] [85175] Resolved module firebase-functions {"declared":true,"installed":true,"version":"3.7.0","resolution":"/Users/l1nda/Documents/stint/stint-web/functions/node_modules/firebase-functions/lib/index.js"} {"metadata":{"emulator":{"name":"functions"},"message":"[runtime-status] [85175] Resolved module firebase-functions {\"declared\":true,\"installed\":true,\"version\":\"3.7.0\",\"resolution\":\"/Users/l1nda/Documents/stint/stint-web/functions/node_modules/firebase-functions/lib/index.js\"}"}}
[debug] [2020-07-27T17:49:45.476Z] [runtime-status] [85175] firebase-admin has been stubbed. {"adminResolution":{"declared":true,"installed":true,"version":"8.12.1","resolution":"/Users/l1nda/Documents/stint/stint-web/functions/node_modules/firebase-admin/lib/index.js"}} {"metadata":{"emulator":{"name":"functions"},"message":"[runtime-status] [85175] firebase-admin has been stubbed. {\"adminResolution\":{\"declared\":true,\"installed\":true,\"version\":\"8.12.1\",\"resolution\":\"/Users/l1nda/Documents/stint/stint-web/functions/node_modules/firebase-admin/lib/index.js\"}}"}}
[info] ✔  functions[sendEmail]: http function initialized (http://localhost:5001/stint-staging-eb100/us-central1/sendEmail). {"metadata":{"emulator":{"name":"functions"},"message":"\u001b[1mhttp\u001b[22m function initialized (http://localhost:5001/stint-staging-eb100/us-central1/sendEmail)."}}
[info] ✔  functions[getGithubRepos]: http function initialized (http://localhost:5001/stint-staging-eb100/us-central1/getGithubRepos). {"metadata":{"emulator":{"name":"functions"},"message":"\u001b[1mhttp\u001b[22m function initialized (http://localhost:5001/stint-staging-eb100/us-central1/getGithubRepos)."}}
[info] ✔  functions[getInstaInfo]: http function initialized (http://localhost:5001/stint-staging-eb100/us-central1/getInstaInfo). {"metadata":{"emulator":{"name":"functions"},"message":"\u001b[1mhttp\u001b[22m function initialized (http://localhost:5001/stint-staging-eb100/us-central1/getInstaInfo)."}}
[info] ✔  functions[getMediumInfo]: http function initialized (http://localhost:5001/stint-staging-eb100/us-central1/getMediumInfo). {"metadata":{"emulator":{"name":"functions"},"message":"\u001b[1mhttp\u001b[22m function initialized (http://localhost:5001/stint-staging-eb100/us-central1/getMediumInfo)."}}
[info] 
┌───────────────────────────────────────────────────────────────────────┐
│ ✔  All emulators ready! View status and logs at http://localhost:4000 │
└───────────────────────────────────────────────────────────────────────┘

┌───────────┬────────────────┬─────────────────────────────────┐
│ Emulator  │ Host:Port      │ View in Emulator UI             │
├───────────┼────────────────┼─────────────────────────────────┤
│ Functions │ localhost:5001 │ http://localhost:4000/functions │
└───────────┴────────────────┴─────────────────────────────────┘
  Other reserved ports: 4400, 4500

Issues? Report them at https://github.com/firebase/firebase-tools/issues and attach the *-debug.log files.
 
[debug] [2020-07-27T17:49:46.353Z] [worker-~diagnostic~-c7692964-0893-41b5-8939-e31555152ede]: IDLE {"metadata":{"emulator":{"name":"functions"},"message":"[worker-~diagnostic~-c7692964-0893-41b5-8939-e31555152ede]: IDLE"}}
