[debug] [2020-07-12T00:22:51.796Z] ----------------------------------------------------------------------
[debug] [2020-07-12T00:22:51.798Z] Command:       /usr/local/bin/node /usr/local/bin/firebase init
[debug] [2020-07-12T00:22:51.799Z] CLI Version:   8.5.0
[debug] [2020-07-12T00:22:51.799Z] Platform:      darwin
[debug] [2020-07-12T00:22:51.799Z] Node Version:  v12.18.2
[debug] [2020-07-12T00:22:51.800Z] Time:          Sat Jul 11 2020 20:22:51 GMT-0400 (Eastern Daylight Time)
[debug] [2020-07-12T00:22:51.800Z] ----------------------------------------------------------------------
[debug] [2020-07-12T00:22:51.800Z] 
[debug] [2020-07-12T00:22:51.807Z] > command requires scopes: ["email","openid","https://www.googleapis.com/auth/cloudplatformprojects.readonly","https://www.googleapis.com/auth/firebase","https://www.googleapis.com/auth/cloud-platform"]
[debug] [2020-07-12T00:22:51.807Z] > authorizing via signed-in user
[info] 
     ######## #### ########  ######## ########     ###     ######  ########
     ##        ##  ##     ## ##       ##     ##  ##   ##  ##       ##
     ######    ##  ########  ######   ########  #########  ######  ######
     ##        ##  ##    ##  ##       ##     ## ##     ##       ## ##
     ##       #### ##     ## ######## ########  ##     ##  ######  ########

You're about to initialize a Firebase project in this directory:

  /Users/charlesma/Desktop/stint

Before we get started, keep in mind:

  * You are initializing in an existing Firebase project directory

[debug] [2020-07-12T00:23:02.743Z] TypeError: Cannot read property 'setRawMode' of null
    at ReadStream.setRawMode (tty.js:75:28)
    at Interface._setRawMode (readline.js:290:16)
    at Interface.close (readline.js:413:10)
    at ReadStream.ontermend (readline.js:201:10)
    at ReadStream.emit (events.js:327:22)
    at ReadStream.EventEmitter.emit (domain.js:482:12)
    at endReadableNT (_stream_readable.js:1221:12)
    at processTicksAndRejections (internal/process/task_queues.js:84:21)
